<?xml version="1.0" encoding="UTF-8"?>
<!-- Generated by org.testng.reporters.JUnitReportReporter -->
<testsuite hostname="Mac" failures="0" tests="3" name="test.GetPostRequestTest" time="1.283" errors="0" timestamp="2025-03-25T17:47:26 GMT" skipped="0">
  <testcase classname="test.GetPostRequestTest" name="anotherGetRequest" time="0.874"/>
  <testcase classname="test.GetPostRequestTest" name="getRequest" time="0.231"/>
  <testcase classname="test.GetPostRequestTest" name="postRequest" time="0.178"/>
</testsuite> <!-- test.GetPostRequestTest -->
