<?xml version="1.0" encoding="UTF-8"?>
<!-- Generated by org.testng.reporters.JUnitReportReporter -->
<testsuite hostname="Mac" failures="0" tests="3" name="test.GetRequestTest" time="0.975" errors="0" timestamp="2025-03-23T23:12:53 GMT" skipped="0">
  <testcase classname="test.GetRequestTest" name="anotherGetRequest" time="0.766"/>
  <testcase classname="test.GetRequestTest" name="getRequest" time="0.109"/>
  <testcase classname="test.GetRequestTest" name="postRequest" time="0.100"/>
</testsuite> <!-- test.GetRequestTest -->
