<?xml version="1.0" encoding="UTF-8"?>
<!-- Generated by org.testng.reporters.JUnitReportReporter -->
<testsuite hostname="Mac" failures="0" tests="1" name="test.localAPIGetRequest" time="0.639" errors="0" timestamp="2025-03-24T21:53:36 GMT" skipped="0">
  <testcase classname="test.localAPIGetRequest" name="getAPIRequest" time="0.639"/>
</testsuite> <!-- test.localAPIGetRequest -->
