<?xml version="1.0" encoding="UTF-8"?>
<!-- Generated by org.testng.reporters.JUnitReportReporter -->
<testsuite hostname="Mac" failures="0" tests="1" name="test.localPostAPIRequest" time="0.478" errors="0" timestamp="2025-03-25T14:14:35 GMT" skipped="0">
  <testcase classname="test.localPostAPIRequest" name="deleteAPIRequest" time="0.478"/>
</testsuite> <!-- test.localPostAPIRequest -->
