<?xml version="1.0" encoding="UTF-8"?>
<!-- Generated by org.testng.reporters.JUnitReportReporter -->
<testsuite hostname="Mac" failures="0" tests="1" name="test.GetPostRequestTest" time="0.618" errors="0" timestamp="2025-03-24T00:14:13 GMT" skipped="0">
  <testcase classname="test.GetPostRequestTest" name="postRequest" time="0.618"/>
</testsuite> <!-- test.GetPostRequestTest -->
