<?xml version="1.0" encoding="UTF-8"?>
<!-- Generated by org.testng.reporters.JUnitReportReporter -->
<testsuite hostname="Mac" failures="0" tests="1" name="test.putPatchDeleteRequest" time="0.615" errors="0" timestamp="2025-03-24T00:50:54 GMT" skipped="0">
  <testcase classname="test.putPatchDeleteRequest" name="deleteRequest" time="0.615"/>
</testsuite> <!-- test.putPatchDeleteRequest -->
