<?xml version="1.0" encoding="UTF-8"?>
<!-- Generated by org.testng.reporters.JUnitReportReporter -->
<testsuite hostname="Mac" failures="0" tests="1" name="test.GetandPostRequest" time="0.828" errors="0" timestamp="2025-03-24T20:56:47 GMT" skipped="0">
  <testcase classname="test.GetandPostRequest" name="getReq" time="0.828"/>
</testsuite> <!-- test.GetandPostRequest -->
